<?xml version="1.0" encoding="UTF-8"?>
<robot generator="Robot 4.1 (Python 3.9.6 on win32)" generated="20210816 21:02:20.989" rpa="false" schemaversion="2">
<suite id="s1" name="Login" source="C:\Users\wpsilva\sistreinamento\treinamentoSisGit\webAutomationRobot\test\features\login.robot">
<test id="s1-t1" name="Cenario: Login com sucesso">
<kw name="Dado que o cliente esteja na tela de inicial" library="home_kws">
<kw name="Abrir sessão" library="setup">
<kw name="Open Browser" library="SeleniumLibrary">
<arg>http://automationpractice.com/index.php</arg>
<arg>chrome</arg>
<doc>Opens a new browser instance to the optional ``url``.</doc>
<msg timestamp="20210816 21:02:21.332" level="INFO">Opening browser 'chrome' to base url 'http://automationpractice.com/index.php'.</msg>
<status status="PASS" starttime="20210816 21:02:21.332" endtime="20210816 21:02:27.438"/>
</kw>
<kw name="Maximize Browser Window" library="SeleniumLibrary">
<doc>Maximizes current browser window.</doc>
<status status="PASS" starttime="20210816 21:02:27.438" endtime="20210816 21:02:27.591"/>
</kw>
<kw name="Set Selenium Timeout" library="SeleniumLibrary">
<arg>60</arg>
<doc>Sets the timeout that is used by various keywords.</doc>
<status status="PASS" starttime="20210816 21:02:27.592" endtime="20210816 21:02:27.594"/>
</kw>
<status status="PASS" starttime="20210816 21:02:21.329" endtime="20210816 21:02:27.594"/>
</kw>
<kw name="Wait Until Element Is Visible" library="SeleniumLibrary">
<arg>${HOME.BOTAO_SIGNIN}</arg>
<doc>Waits until the element ``locator`` is visible.</doc>
<status status="PASS" starttime="20210816 21:02:27.595" endtime="20210816 21:02:27.631"/>
</kw>
<status status="PASS" starttime="20210816 21:02:21.328" endtime="20210816 21:02:27.631"/>
</kw>
<kw name="E acessar a tela de login" library="home_kws">
<kw name="Wait Until Element Is Visible" library="SeleniumLibrary">
<arg>${HOME.BOTAO_SIGNIN}</arg>
<doc>Waits until the element ``locator`` is visible.</doc>
<status status="PASS" starttime="20210816 21:02:27.633" endtime="20210816 21:02:27.690"/>
</kw>
<kw name="Click Element" library="SeleniumLibrary">
<arg>${HOME.BOTAO_SIGNIN}</arg>
<doc>Click the element identified by ``locator``.</doc>
<msg timestamp="20210816 21:02:27.692" level="INFO">Clicking element '//a[@class="login"]'.</msg>
<status status="PASS" starttime="20210816 21:02:27.692" endtime="20210816 21:02:29.150"/>
</kw>
<status status="PASS" starttime="20210816 21:02:27.632" endtime="20210816 21:02:29.150"/>
</kw>
<kw name="Quando realizar login com sucesso" library="login_kws">
<kw name="Wait Until Element Is Visible" library="SeleniumLibrary">
<arg>${​​​​​​​LOGIN.INPUT_EMAIL}</arg>
<doc>Waits until the element ``locator`` is visible.</doc>
<msg timestamp="20210816 21:02:29.155" level="FAIL">Resolving variable '${​​​​​​​LOGIN.INPUT_EMAIL}' failed: Variable '${​}' not found.</msg>
<status status="FAIL" starttime="20210816 21:02:29.151" endtime="20210816 21:02:29.155"/>
</kw>
<kw name="Input Text" library="SeleniumLibrary">
<arg>${​​​​​​​LOGIN.INPUT_EMAIL}​​​​​​​</arg>
<arg>rasafa9934@ovooovo.com</arg>
<doc>Types the given ``text`` into the text field identified by ``locator``.</doc>
<status status="NOT RUN" starttime="20210816 21:02:29.156" endtime="20210816 21:02:29.156"/>
</kw>
<kw name="Input Text" library="SeleniumLibrary">
<arg>${​​​​​​​LOGIN.INPUT_SENHA}​​​​​​​</arg>
<arg>Teste@123</arg>
<doc>Types the given ``text`` into the text field identified by ``locator``.</doc>
<status status="NOT RUN" starttime="20210816 21:02:29.156" endtime="20210816 21:02:29.156"/>
</kw>
<kw name="Click Element" library="SeleniumLibrary">
<arg>${​​​​​​​LOGIN.BOTAO_SIGNIN}</arg>
<doc>Click the element identified by ``locator``.</doc>
<status status="NOT RUN" starttime="20210816 21:02:29.156" endtime="20210816 21:02:29.156"/>
</kw>
<status status="FAIL" starttime="20210816 21:02:29.151" endtime="20210816 21:02:29.157"/>
</kw>
<kw name="Então deve visualizar a tela My Account" library="minha_conta_kws">
<status status="NOT RUN" starttime="20210816 21:02:29.158" endtime="20210816 21:02:29.158"/>
</kw>
<kw name="Encerrar sessão" library="setup">
<status status="NOT RUN" starttime="20210816 21:02:29.159" endtime="20210816 21:02:29.159"/>
</kw>
<status status="FAIL" starttime="20210816 21:02:21.326" endtime="20210816 21:02:29.160">Resolving variable '${​​​​​​​LOGIN.INPUT_EMAIL}' failed: Variable '${​}' not found.</status>
</test>
<doc>Cenários de testes relacionados ao login da aplicação</doc>
<status status="FAIL" starttime="20210816 21:02:20.993" endtime="20210816 21:02:29.163"/>
</suite>
<statistics>
<total>
<stat pass="0" fail="1" skip="0">All Tests</stat>
</total>
<tag>
</tag>
<suite>
<stat pass="0" fail="1" skip="0" id="s1" name="Login">Login</stat>
</suite>
</statistics>
<errors>
<msg timestamp="20210816 21:02:21.321" level="ERROR">Error in file 'C:\Users\wpsilva\sistreinamento\treinamentoSisGit\webAutomationRobot\src\config\package.resource' on line 16: Resource file '..\auto\elements\minha_conta_ets.resource' does not exist.</msg>
</errors>
</robot>
