<?xml version="1.0" encoding="UTF-8"?>
<robot generator="Robot 4.1 (Python 3.9.6 on win32)" generated="20210819 21:18:19.134" rpa="false" schemaversion="2">
<suite id="s1" name="Features" source="C:\Users\wpsilva\sistreinamento\treinamentoSisGit\webAutomationRobotFramework\test\features">
<suite id="s1-s1" name="Login" source="C:\Users\wpsilva\sistreinamento\treinamentoSisGit\webAutomationRobotFramework\test\features\login.robot">
<test id="s1-s1-t1" name="Cenario: Login com credenciais inválidas">
<kw name="Abrir sessão" library="setup" type="SETUP">
<kw name="Open Browser" library="SeleniumLibrary">
<arg>http://automationpractice.com/index.php</arg>
<arg>chrome</arg>
<doc>Opens a new browser instance to the optional ``url``.</doc>
<msg timestamp="20210819 21:18:19.394" level="INFO">Opening browser 'chrome' to base url 'http://automationpractice.com/index.php'.</msg>
<status status="PASS" starttime="20210819 21:18:19.393" endtime="20210819 21:18:25.086"/>
</kw>
<kw name="Set Selenium Timeout" library="SeleniumLibrary">
<arg>60</arg>
<doc>Sets the timeout that is used by various keywords.</doc>
<status status="PASS" starttime="20210819 21:18:25.086" endtime="20210819 21:18:25.088"/>
</kw>
<kw name="Maximize Browser Window" library="SeleniumLibrary">
<doc>Maximizes current browser window.</doc>
<status status="PASS" starttime="20210819 21:18:25.089" endtime="20210819 21:18:25.219"/>
</kw>
<status status="PASS" starttime="20210819 21:18:19.393" endtime="20210819 21:18:25.220"/>
</kw>
<kw name="Dado que o cliente esteja na tela inicial da aplicação" library="home_kws">
<kw name="Wait Until Element Is Visible" library="SeleniumLibrary">
<arg>${HOME.BOTAO_SIGNIN}</arg>
<doc>Waits until the element ``locator`` is visible.</doc>
<status status="PASS" starttime="20210819 21:18:25.221" endtime="20210819 21:18:25.262"/>
</kw>
<status status="PASS" starttime="20210819 21:18:25.221" endtime="20210819 21:18:25.262"/>
</kw>
<kw name="E acessar a tela de login" library="home_kws">
<kw name="Wait Until Element Is Visible" library="SeleniumLibrary">
<arg>${HOME.BOTAO_SIGNIN}</arg>
<doc>Waits until the element ``locator`` is visible.</doc>
<status status="PASS" starttime="20210819 21:18:25.263" endtime="20210819 21:18:25.285"/>
</kw>
<kw name="Click Element" library="SeleniumLibrary">
<arg>${HOME.BOTAO_SIGNIN}</arg>
<doc>Click the element identified by ``locator``.</doc>
<msg timestamp="20210819 21:18:25.286" level="INFO">Clicking element '//a[@class='login']'.</msg>
<status status="PASS" starttime="20210819 21:18:25.285" endtime="20210819 21:18:27.685"/>
</kw>
<status status="PASS" starttime="20210819 21:18:25.263" endtime="20210819 21:18:27.685"/>
</kw>
<kw name="Quando inserir os dados de login" library="login_kws">
<arg>${MASSA_DADOS.LOGIN_INVALIDO.EMAIL}</arg>
<arg>${MASSA_DADOS.LOGIN_INVALIDO.SENHA}</arg>
<kw name="Wait Until Element Is Visible" library="SeleniumLibrary">
<arg>${LOGIN.INPUT_EMAIL}</arg>
<doc>Waits until the element ``locator`` is visible.</doc>
<status status="PASS" starttime="20210819 21:18:27.688" endtime="20210819 21:18:27.716"/>
</kw>
<kw name="Input Text" library="SeleniumLibrary">
<arg>${LOGIN.INPUT_EMAIL}</arg>
<arg>${EMAIL}</arg>
<doc>Types the given ``text`` into the text field identified by ``locator``.</doc>
<msg timestamp="20210819 21:18:27.716" level="INFO">Typing text 'dasdsad@sdsqaas.com' into text field '//input[@id='email']'.</msg>
<status status="PASS" starttime="20210819 21:18:27.716" endtime="20210819 21:18:27.824"/>
</kw>
<kw name="Input Text" library="SeleniumLibrary">
<arg>${LOGIN.INPUT_SENHA}</arg>
<arg>${SENHA}</arg>
<doc>Types the given ``text`` into the text field identified by ``locator``.</doc>
<msg timestamp="20210819 21:18:27.825" level="INFO">Typing text 'tado esperado' into text field '//input[@id='passwd']'.</msg>
<status status="PASS" starttime="20210819 21:18:27.824" endtime="20210819 21:18:27.921"/>
</kw>
<status status="PASS" starttime="20210819 21:18:27.686" endtime="20210819 21:18:27.921"/>
</kw>
<kw name="E clicar no elemento" library="comum_kws">
<arg>${LOGIN.BOTAO_SIGNIN}</arg>
<kw name="Wait Until Element Is Visible" library="SeleniumLibrary">
<arg>${ELEMENTO}</arg>
<doc>Waits until the element ``locator`` is visible.</doc>
<status status="PASS" starttime="20210819 21:18:27.922" endtime="20210819 21:18:27.938"/>
</kw>
<kw name="Click Element" library="SeleniumLibrary">
<arg>${ELEMENTO}</arg>
<doc>Click the element identified by ``locator``.</doc>
<msg timestamp="20210819 21:18:27.938" level="INFO">Clicking element 'SubmitLogin'.</msg>
<status status="PASS" starttime="20210819 21:18:27.938" endtime="20210819 21:18:29.121"/>
</kw>
<status status="PASS" starttime="20210819 21:18:27.921" endtime="20210819 21:18:29.122"/>
</kw>
<kw name="Então deve visualizar a mensagem" library="comum_kws">
<arg>${LOGIN.TEXTO_ERRO}</arg>
<arg>${MENSAGENS.LOGIN.AUTENTICATION_FAILED}</arg>
<kw name="Wait Until Element Is Visible" library="SeleniumLibrary">
<arg>${ELEMENTO}</arg>
<doc>Waits until the element ``locator`` is visible.</doc>
<status status="PASS" starttime="20210819 21:18:29.125" endtime="20210819 21:18:29.152"/>
</kw>
<kw name="Get Text" library="SeleniumLibrary">
<var>${MENSAGEM_ATUAL}</var>
<arg>${ELEMENTO}</arg>
<doc>Returns the text value of the element identified by ``locator``.</doc>
<msg timestamp="20210819 21:18:29.165" level="INFO">${MENSAGEM_ATUAL} = Authentication failed.</msg>
<status status="PASS" starttime="20210819 21:18:29.152" endtime="20210819 21:18:29.165"/>
</kw>
<kw name="Should Be Equal" library="BuiltIn">
<arg>${MENSAGEM_ATUAL}</arg>
<arg>${MENSAGEM_ESPERADA}</arg>
<doc>Fails if the given objects are unequal.</doc>
<status status="PASS" starttime="20210819 21:18:29.165" endtime="20210819 21:18:29.165"/>
</kw>
<status status="PASS" starttime="20210819 21:18:29.123" endtime="20210819 21:18:29.165"/>
</kw>
<kw name="Encerrar sessão" library="setup" type="TEARDOWN">
<kw name="Capture Page Screenshot" library="SeleniumLibrary">
<doc>Takes a screenshot of the current page and embeds it into a log file.</doc>
<msg timestamp="20210819 21:18:29.281" level="INFO" html="true">&lt;/td&gt;&lt;/tr&gt;&lt;tr&gt;&lt;td colspan="3"&gt;&lt;a href="selenium-screenshot-14.png"&gt;&lt;img src="selenium-screenshot-14.png" width="800px"&gt;&lt;/a&gt;</msg>
<status status="PASS" starttime="20210819 21:18:29.165" endtime="20210819 21:18:29.281"/>
</kw>
<kw name="Close Browser" library="SeleniumLibrary">
<doc>Closes the current browser.</doc>
<status status="PASS" starttime="20210819 21:18:29.281" endtime="20210819 21:18:31.473"/>
</kw>
<status status="PASS" starttime="20210819 21:18:29.165" endtime="20210819 21:18:31.473"/>
</kw>
<tag>LOGIN</tag>
<tag>NEGATIVO</tag>
<status status="PASS" starttime="20210819 21:18:19.393" endtime="20210819 21:18:31.475"/>
</test>
<doc>Cenários de testes relacionado ao login da aplicação.</doc>
<status status="PASS" starttime="20210819 21:18:19.161" endtime="20210819 21:18:31.478"/>
</suite>
<status status="PASS" starttime="20210819 21:18:19.134" endtime="20210819 21:18:31.481"/>
</suite>
<statistics>
<total>
<stat pass="1" fail="0" skip="0">All Tests</stat>
</total>
<tag>
<stat pass="1" fail="0" skip="0">LOGIN</stat>
<stat pass="1" fail="0" skip="0">NEGATIVO</stat>
</tag>
<suite>
<stat pass="1" fail="0" skip="0" id="s1" name="Features">Features</stat>
<stat pass="1" fail="0" skip="0" id="s1-s1" name="Login">Features.Login</stat>
</suite>
</statistics>
<errors>
</errors>
</robot>
